!SESSION 2018-08-07 09:08:56.839 -----------------------------------------------
eclipse.buildId=unknown
java.version=1.8.0_161
java.vendor=Oracle Corporation
BootLoader constants: OS=win32, ARCH=x86_64, WS=win32, NL=sv_SE

!ENTRY org.eclipse.equinox.ds 4 0 2018-08-07 09:08:56.839
!MESSAGE Could not bind a reference of component loganalyzerAppender.component. The reference is: Reference[name = config.context.service, interface = org.wso2.carbon.utils.ConfigurationContextService, policy = dynamic, cardinality = 0..1, target = null, bind = setConfigurationContextService, unbind = unsetConfigurationContextService]

!ENTRY org.eclipse.equinox.ds 4 0 2018-08-07 09:08:56.840
!MESSAGE Could not bind a reference of component loganalyzerAppender.component. The reference is: Reference[name = config.context.service, interface = org.wso2.carbon.utils.ConfigurationContextService, policy = dynamic, cardinality = 0..1, target = null, bind = setConfigurationContextService, unbind = unsetConfigurationContextService]

!ENTRY org.eclipse.equinox.ds 4 0 2018-08-07 09:08:56.892
!MESSAGE Could not bind a reference of component org.wso2.carbon.caching.impl.internal.CachingServiceComponent. The reference is: Reference[name = distributedMapProvider, interface = org.wso2.carbon.caching.impl.DistributedMapProvider, policy = dynamic, cardinality = 0..1, target = null, bind = setDistributedMapProvider, unbind = unsetDistributedMapProvider]

!ENTRY org.eclipse.equinox.ds 4 0 2018-08-07 09:08:56.893
!MESSAGE Could not bind a reference of component org.wso2.carbon.caching.impl.internal.CachingServiceComponent. The reference is: Reference[name = distributedMapProvider, interface = org.wso2.carbon.caching.impl.DistributedMapProvider, policy = dynamic, cardinality = 0..1, target = null, bind = setDistributedMapProvider, unbind = unsetDistributedMapProvider]

!ENTRY org.eclipse.equinox.ds 4 0 2018-08-07 09:08:57.062
!MESSAGE Could not bind a reference of component org.wso2.carbon.deployment.synchronizer.subversion. The reference is: Reference[name = carbon.tomcat.service, interface = org.wso2.carbon.tomcat.api.CarbonTomcatService, policy = dynamic, cardinality = 0..1, target = null, bind = setCarbonTomcatService, unbind = unsetCarbonTomcatService]

!ENTRY org.eclipse.equinox.ds 4 0 2018-08-07 09:08:57.063
!MESSAGE Could not bind a reference of component org.wso2.carbon.deployment.synchronizer.subversion. The reference is: Reference[name = carbon.tomcat.service, interface = org.wso2.carbon.tomcat.api.CarbonTomcatService, policy = dynamic, cardinality = 0..1, target = null, bind = setCarbonTomcatService, unbind = unsetCarbonTomcatService]

!ENTRY org.wso2.carbon.event.core 2 0 2018-08-07 09:08:57.121
!MESSAGE [SCR] Found components with duplicated names! Details: 
Component1 : Component[
	name = eventbrokerbuilder.component
	factory = null
	autoenable = true
	immediate = true
	implementation = org.wso2.carbon.event.core.internal.builder.EventBrokerBuilderDS
	state = Unsatisfied
	properties = {service.pid=eventbrokerbuilder.component}
	serviceFactory = false
	serviceInterface = null
	references = {
		Reference[name = registry.service, interface = org.wso2.carbon.registry.core.service.RegistryService, policy = dynamic, cardinality = 1..1, target = null, bind = setRegistryService, unbind = unsetRegistryService]
		Reference[name = realm.service, interface = org.wso2.carbon.user.core.service.RealmService, policy = dynamic, cardinality = 1..1, target = null, bind = setRealmService, unbind = unsetRealmService]
		Reference[name = configurationcontext.service, interface = org.wso2.carbon.utils.ConfigurationContextService, policy = dynamic, cardinality = 1..1, target = null, bind = setConfigurationContextService, unbind = unsetConfigurationContextService]
	}
	located in bundle = org.wso2.carbon.event.core_4.5.4 [299]
]
Component2: Component[
	name = eventbrokerbuilder.component
	factory = null
	autoenable = true
	immediate = true
	implementation = org.wso2.carbon.andes.event.core.internal.ds.EventBrokerBuilderDS
	state = Unsatisfied
	properties = {service.pid=eventbrokerbuilder.component}
	serviceFactory = false
	serviceInterface = null
	references = {
		Reference[name = registry.service, interface = org.wso2.carbon.registry.core.service.RegistryService, policy = dynamic, cardinality = 1..1, target = null, bind = setRegistryService, unbind = unsetRegistryService]
		Reference[name = realm.service, interface = org.wso2.carbon.user.core.service.RealmService, policy = dynamic, cardinality = 1..1, target = null, bind = setRealmService, unbind = unsetRealmService]
		Reference[name = configurationcontext.service, interface = org.wso2.carbon.utils.ConfigurationContextService, policy = dynamic, cardinality = 1..1, target = null, bind = setConfigurationContextService, unbind = unsetConfigurationContextService]
	}
	located in bundle = org.wso2.carbon.andes.event.core_3.1.6 [230]
]  

!ENTRY org.eclipse.equinox.ds 4 0 2018-08-07 09:08:57.128
!MESSAGE Could not bind a reference of component event.input.adapter.service. The reference is: Reference[name = input.event.adapter.tracker.service, interface = org.wso2.carbon.event.input.adapter.core.InputEventAdapterFactory, policy = dynamic, cardinality = 0..n, target = null, bind = setEventAdapterType, unbind = unSetEventAdapterType]

!ENTRY org.eclipse.equinox.ds 4 0 2018-08-07 09:08:57.129
!MESSAGE Could not bind a reference of component event.input.adapter.service. The reference is: Reference[name = input.event.adapter.tracker.service, interface = org.wso2.carbon.event.input.adapter.core.InputEventAdapterFactory, policy = dynamic, cardinality = 0..n, target = null, bind = setEventAdapterType, unbind = unSetEventAdapterType]

!ENTRY org.eclipse.equinox.ds 4 0 2018-08-07 09:08:57.130
!MESSAGE Could not bind a reference of component event.input.adapter.service. The reference is: Reference[name = config.context.service, interface = org.wso2.carbon.utils.ConfigurationContextService, policy = dynamic, cardinality = 0..1, target = null, bind = setConfigurationContextService, unbind = unsetConfigurationContextService]

!ENTRY org.eclipse.equinox.ds 4 0 2018-08-07 09:08:57.132
!MESSAGE Could not bind a reference of component event.input.adapter.service. The reference is: Reference[name = config.context.service, interface = org.wso2.carbon.utils.ConfigurationContextService, policy = dynamic, cardinality = 0..1, target = null, bind = setConfigurationContextService, unbind = unsetConfigurationContextService]

!ENTRY org.eclipse.equinox.ds 4 0 2018-08-07 09:08:57.204
!MESSAGE Could not bind a reference of component input.Kafka.EventAdaptorService.component. The reference is: Reference[name = configurationcontext.service, interface = org.wso2.carbon.utils.ConfigurationContextService, policy = dynamic, cardinality = 0..1, target = null, bind = setConfigurationContextService, unbind = unsetConfigurationContextService]

!ENTRY org.eclipse.equinox.ds 4 0 2018-08-07 09:08:57.215
!MESSAGE Could not bind a reference of component input.Kafka.EventAdaptorService.component. The reference is: Reference[name = configurationcontext.service, interface = org.wso2.carbon.utils.ConfigurationContextService, policy = dynamic, cardinality = 0..1, target = null, bind = setConfigurationContextService, unbind = unsetConfigurationContextService]

!ENTRY org.eclipse.equinox.ds 4 0 2018-08-07 09:08:57.310
!MESSAGE Could not bind a reference of component eventProcessorManagementService.component. The reference is: Reference[name = hazelcast.instance.service, interface = com.hazelcast.core.HazelcastInstance, policy = dynamic, cardinality = 0..1, target = null, bind = setHazelcastInstance, unbind = unsetHazelcastInstance]

!ENTRY org.eclipse.equinox.ds 4 0 2018-08-07 09:08:57.310
!MESSAGE Could not bind a reference of component eventProcessorManagementService.component. The reference is: Reference[name = hazelcast.instance.service, interface = com.hazelcast.core.HazelcastInstance, policy = dynamic, cardinality = 0..1, target = null, bind = setHazelcastInstance, unbind = unsetHazelcastInstance]

!ENTRY org.eclipse.equinox.ds 4 0 2018-08-07 09:08:57.311
!MESSAGE Could not bind a reference of component eventProcessorManagementService.component. The reference is: Reference[name = configuration.contextService.service, interface = org.wso2.carbon.utils.ConfigurationContextService, policy = dynamic, cardinality = 0..1, target = null, bind = setConfigurationContextService, unbind = unsetConfigurationContextService]

!ENTRY org.eclipse.equinox.ds 4 0 2018-08-07 09:08:57.312
!MESSAGE Could not bind a reference of component eventProcessorManagementService.component. The reference is: Reference[name = configuration.contextService.service, interface = org.wso2.carbon.utils.ConfigurationContextService, policy = dynamic, cardinality = 0..1, target = null, bind = setConfigurationContextService, unbind = unsetConfigurationContextService]

!ENTRY org.eclipse.equinox.ds 4 0 2018-08-07 09:08:57.363
!MESSAGE Could not bind a reference of component eventStreamService.component. The reference is: Reference[name = config.context.service, interface = org.wso2.carbon.utils.ConfigurationContextService, policy = dynamic, cardinality = 0..1, target = null, bind = setConfigurationContextService, unbind = unsetConfigurationContextService]

!ENTRY org.eclipse.equinox.ds 4 0 2018-08-07 09:08:57.364
!MESSAGE Could not bind a reference of component eventStreamService.component. The reference is: Reference[name = config.context.service, interface = org.wso2.carbon.utils.ConfigurationContextService, policy = dynamic, cardinality = 0..1, target = null, bind = setConfigurationContextService, unbind = unsetConfigurationContextService]

!ENTRY org.eclipse.equinox.ds 4 0 2018-08-07 09:08:57.365
!MESSAGE Could not bind a reference of component eventStreamService.component. The reference is: Reference[name = eventStreamListener.service, interface = org.wso2.carbon.event.stream.core.EventStreamListener, policy = dynamic, cardinality = 0..n, target = null, bind = setEventStreamListener, unbind = unsetEventStreamListener]

!ENTRY org.eclipse.equinox.ds 4 0 2018-08-07 09:08:57.365
!MESSAGE Could not bind a reference of component eventStreamService.component. The reference is: Reference[name = eventStreamListener.service, interface = org.wso2.carbon.event.stream.core.EventStreamListener, policy = dynamic, cardinality = 0..n, target = null, bind = setEventStreamListener, unbind = unsetEventStreamListener]

!ENTRY org.eclipse.equinox.ds 4 0 2018-08-07 09:08:57.375
!MESSAGE Could not bind a reference of component org.wso2.carbon.event.output.adapter.ui.internal.ds.UILocalEventAdapterDS. The reference is: Reference[name = ui.event.adapter.externsion, interface = org.wso2.carbon.event.output.adapter.ui.UIOutputAuthorizationService, policy = dynamic, cardinality = 0..n, target = null, bind = setUIOutputAuthorizationService, unbind = unsetUIOutputAuthorizationService]

!ENTRY org.eclipse.equinox.ds 4 0 2018-08-07 09:08:57.376
!MESSAGE Could not bind a reference of component org.wso2.carbon.event.output.adapter.ui.internal.ds.UILocalEventAdapterDS. The reference is: Reference[name = ui.event.adapter.externsion, interface = org.wso2.carbon.event.output.adapter.ui.UIOutputAuthorizationService, policy = dynamic, cardinality = 0..n, target = null, bind = setUIOutputAuthorizationService, unbind = unsetUIOutputAuthorizationService]

!ENTRY org.eclipse.equinox.ds 4 0 2018-08-07 09:08:57.392
!MESSAGE Could not bind a reference of component template.deployer.service.tracker.component. The reference is: Reference[name = template.deployer.tracker.service, interface = org.wso2.carbon.event.template.manager.core.TemplateDeployer, policy = dynamic, cardinality = 0..n, target = null, bind = setTemplateDeployer, unbind = unSetTemplateDeployer]

!ENTRY org.eclipse.equinox.ds 4 0 2018-08-07 09:08:57.393
!MESSAGE Could not bind a reference of component template.deployer.service.tracker.component. The reference is: Reference[name = template.deployer.tracker.service, interface = org.wso2.carbon.event.template.manager.core.TemplateDeployer, policy = dynamic, cardinality = 0..n, target = null, bind = setTemplateDeployer, unbind = unSetTemplateDeployer]

!ENTRY org.eclipse.equinox.ds 4 0 2018-08-07 09:08:57.498
!MESSAGE Could not bind a reference of component org.wso2.carbon.identity.application.mgt.listener. The reference is: Reference[name = application.mgt.event.listener.service, interface = org.wso2.carbon.identity.application.mgt.listener.ApplicationMgtListener, policy = dynamic, cardinality = 0..n, target = null, bind = setApplicationMgtListenerService, unbind = unsetApplicationMgtListenerService]

!ENTRY org.eclipse.equinox.ds 4 0 2018-08-07 09:08:57.499
!MESSAGE Could not bind a reference of component org.wso2.carbon.identity.application.mgt.listener. The reference is: Reference[name = application.mgt.event.listener.service, interface = org.wso2.carbon.identity.application.mgt.listener.ApplicationMgtListener, policy = dynamic, cardinality = 0..n, target = null, bind = setApplicationMgtListenerService, unbind = unsetApplicationMgtListenerService]

!ENTRY org.eclipse.equinox.ds 4 0 2018-08-07 09:08:57.526
!MESSAGE Could not bind a reference of component identity.discovery.component. The reference is: Reference[name = claim.manager.listener.service, interface = org.wso2.carbon.identity.claim.metadata.mgt.ClaimMetadataManagementService, policy = dynamic, cardinality = 0..n, target = null, bind = setClaimManagementService, unbind = unsetClaimManagementService]

!ENTRY org.eclipse.equinox.ds 4 0 2018-08-07 09:08:57.527
!MESSAGE Could not bind a reference of component identity.discovery.component. The reference is: Reference[name = claim.manager.listener.service, interface = org.wso2.carbon.identity.claim.metadata.mgt.ClaimMetadataManagementService, policy = dynamic, cardinality = 0..n, target = null, bind = setClaimManagementService, unbind = unsetClaimManagementService]

!ENTRY org.eclipse.equinox.ds 4 0 2018-08-07 09:08:57.544
!MESSAGE Could not bind a reference of component carbon.identity.notification.mgt. The reference is: Reference[name = ldap.tenant.manager.listener.service, interface = org.wso2.carbon.identity.notification.mgt.NotificationSendingModule, policy = dynamic, cardinality = 0..n, target = null, bind = addNotificationSendingModule, unbind = removeNotificationSendingModule]

!ENTRY org.eclipse.equinox.ds 4 0 2018-08-07 09:08:57.545
!MESSAGE Could not bind a reference of component carbon.identity.notification.mgt. The reference is: Reference[name = ldap.tenant.manager.listener.service, interface = org.wso2.carbon.identity.notification.mgt.NotificationSendingModule, policy = dynamic, cardinality = 0..n, target = null, bind = addNotificationSendingModule, unbind = removeNotificationSendingModule]

!ENTRY org.wso2.carbon.mashup.javascript.hostobjects.registry 2 0 2018-08-07 09:08:57.614
!MESSAGE [SCR] Found components with duplicated names! Details: 
Component1 : Component[
	name = mashup.javascript.hostobjects.registry.dscomponent
	factory = null
	autoenable = true
	immediate = true
	implementation = org.wso2.carbon.mashup.javascript.hostobjects.registry.internal.RegistryHostObjectServiceComponent
	state = Unsatisfied
	properties = {service.pid=mashup.javascript.hostobjects.registry.dscomponent}
	serviceFactory = false
	serviceInterface = null
	references = {
		Reference[name = registry.service, interface = org.wso2.carbon.registry.core.service.RegistryService, policy = dynamic, cardinality = 1..1, target = null, bind = setRegistryService, unbind = unsetRegistryService]
	}
	located in bundle = org.wso2.carbon.mashup.javascript.hostobjects.registry_4.7.0 [461]
]
Component2: Component[
	name = mashup.javascript.hostobjects.registry.dscomponent
	factory = null
	autoenable = true
	immediate = true
	implementation = org.jaggeryjs.hostobjects.registry.internal.RegistryHostObjectServiceComponent
	state = Unsatisfied
	properties = {service.pid=mashup.javascript.hostobjects.registry.dscomponent}
	serviceFactory = false
	serviceInterface = null
	references = {
		Reference[name = registry.service, interface = org.wso2.carbon.registry.core.service.RegistryService, policy = dynamic, cardinality = 1..1, target = null, bind = setRegistryService, unbind = unsetRegistryService]
		Reference[name = user.realmservice.default, interface = org.wso2.carbon.user.core.service.RealmService, policy = dynamic, cardinality = 1..1, target = null, bind = setRealmService, unbind = unsetRealmService]
	}
	located in bundle = org.jaggeryjs.hostobjects.registry_0.12.6 [193]
]  

!ENTRY org.wso2.carbon.registry.event.core 2 0 2018-08-07 09:08:57.735
!MESSAGE [SCR] Found components with duplicated names! Details: 
Component1 : Component[
	name = eventbrokerbuilder.component
	factory = null
	autoenable = true
	immediate = true
	implementation = org.wso2.carbon.registry.event.core.internal.builder.EventBrokerBuilderDS
	state = Unsatisfied
	properties = {service.pid=eventbrokerbuilder.component}
	serviceFactory = false
	serviceInterface = null
	references = {
		Reference[name = registry.service, interface = org.wso2.carbon.registry.core.service.RegistryService, policy = dynamic, cardinality = 1..1, target = null, bind = setRegistryService, unbind = unsetRegistryService]
		Reference[name = realm.service, interface = org.wso2.carbon.user.core.service.RealmService, policy = dynamic, cardinality = 1..1, target = null, bind = setRealmService, unbind = unsetRealmService]
		Reference[name = configurationcontext.service, interface = org.wso2.carbon.utils.ConfigurationContextService, policy = dynamic, cardinality = 1..1, target = null, bind = setConfigurationContextService, unbind = unsetConfigurationContextService]
	}
	located in bundle = org.wso2.carbon.registry.event.core_4.6.0 [527]
]
Component2: Component[
	name = eventbrokerbuilder.component
	factory = null
	autoenable = true
	immediate = true
	implementation = org.wso2.carbon.andes.event.core.internal.ds.EventBrokerBuilderDS
	state = Unsatisfied
	properties = {service.pid=eventbrokerbuilder.component}
	serviceFactory = false
	serviceInterface = null
	references = {
		Reference[name = registry.service, interface = org.wso2.carbon.registry.core.service.RegistryService, policy = dynamic, cardinality = 1..1, target = null, bind = setRegistryService, unbind = unsetRegistryService]
		Reference[name = realm.service, interface = org.wso2.carbon.user.core.service.RealmService, policy = dynamic, cardinality = 1..1, target = null, bind = setRealmService, unbind = unsetRealmService]
		Reference[name = configurationcontext.service, interface = org.wso2.carbon.utils.ConfigurationContextService, policy = dynamic, cardinality = 1..1, target = null, bind = setConfigurationContextService, unbind = unsetConfigurationContextService]
	}
	located in bundle = org.wso2.carbon.andes.event.core_3.1.6 [230]
]  

!ENTRY org.wso2.carbon.registry.event.core 2 0 2018-08-07 09:08:57.736
!MESSAGE [SCR] Found components with duplicated names! Details: 
Component1 : Component[
	name = eventbrokerbuilder.component
	factory = null
	autoenable = true
	immediate = true
	implementation = org.wso2.carbon.registry.event.core.internal.builder.EventBrokerBuilderDS
	state = Unsatisfied
	properties = {service.pid=eventbrokerbuilder.component}
	serviceFactory = false
	serviceInterface = null
	references = {
		Reference[name = registry.service, interface = org.wso2.carbon.registry.core.service.RegistryService, policy = dynamic, cardinality = 1..1, target = null, bind = setRegistryService, unbind = unsetRegistryService]
		Reference[name = realm.service, interface = org.wso2.carbon.user.core.service.RealmService, policy = dynamic, cardinality = 1..1, target = null, bind = setRealmService, unbind = unsetRealmService]
		Reference[name = configurationcontext.service, interface = org.wso2.carbon.utils.ConfigurationContextService, policy = dynamic, cardinality = 1..1, target = null, bind = setConfigurationContextService, unbind = unsetConfigurationContextService]
	}
	located in bundle = org.wso2.carbon.registry.event.core_4.6.0 [527]
]
Component2: Component[
	name = eventbrokerbuilder.component
	factory = null
	autoenable = true
	immediate = true
	implementation = org.wso2.carbon.event.core.internal.builder.EventBrokerBuilderDS
	state = Unsatisfied
	properties = {service.pid=eventbrokerbuilder.component}
	serviceFactory = false
	serviceInterface = null
	references = {
		Reference[name = registry.service, interface = org.wso2.carbon.registry.core.service.RegistryService, policy = dynamic, cardinality = 1..1, target = null, bind = setRegistryService, unbind = unsetRegistryService]
		Reference[name = realm.service, interface = org.wso2.carbon.user.core.service.RealmService, policy = dynamic, cardinality = 1..1, target = null, bind = setRealmService, unbind = unsetRealmService]
		Reference[name = configurationcontext.service, interface = org.wso2.carbon.utils.ConfigurationContextService, policy = dynamic, cardinality = 1..1, target = null, bind = setConfigurationContextService, unbind = unsetConfigurationContextService]
	}
	located in bundle = org.wso2.carbon.event.core_4.5.4 [299]
]  

!ENTRY org.wso2.carbon.registry.event.ws 2 0 2018-08-07 09:08:57.743
!MESSAGE [SCR] Found components with duplicated names! Details: 
Component1 : Component[
	name = wsevent.component
	factory = null
	autoenable = true
	immediate = true
	implementation = org.wso2.carbon.registry.event.ws.internal.WSEventBrokerDS
	state = Unsatisfied
	properties = {service.pid=wsevent.component}
	serviceFactory = false
	serviceInterface = null
	references = {
		Reference[name = eventbroker.service, interface = org.wso2.carbon.registry.event.core.EventBroker, policy = dynamic, cardinality = 1..1, target = null, bind = setEventBroker, unbind = unSetEventBroker]
		Reference[name = configurationcontext.service, interface = org.wso2.carbon.utils.ConfigurationContextService, policy = dynamic, cardinality = 1..1, target = null, bind = setConfigurationContextService, unbind = unsetConfigurationContextService]
	}
	located in bundle = org.wso2.carbon.registry.event.ws_4.6.0 [528]
]
Component2: Component[
	name = wsevent.component
	factory = null
	autoenable = true
	immediate = true
	implementation = org.wso2.carbon.event.ws.internal.WSEventBrokerDS
	state = Unsatisfied
	properties = {service.pid=wsevent.component}
	serviceFactory = false
	serviceInterface = null
	references = {
		Reference[name = eventbroker.service, interface = org.wso2.carbon.event.core.EventBroker, policy = dynamic, cardinality = 1..1, target = null, bind = setEventBroker, unbind = unSetEventBroker]
		Reference[name = configurationcontext.service, interface = org.wso2.carbon.utils.ConfigurationContextService, policy = dynamic, cardinality = 1..1, target = null, bind = setConfigurationContextService, unbind = unsetConfigurationContextService]
	}
	located in bundle = org.wso2.carbon.event.ws_4.5.4 [364]
]  

!ENTRY org.wso2.carbon.registry.ws.client 2 0 2018-08-07 09:08:57.813
!MESSAGE [SCR] Found components with duplicated names! Details: 
Component1 : Component[
	name = registry.ws.client.component
	factory = null
	autoenable = true
	immediate = true
	implementation = org.wso2.carbon.registry.ws.client.internal.WSClientServiceComponent
	state = Unsatisfied
	properties = {service.pid=registry.ws.client.component}
	serviceFactory = false
	serviceInterface = null
	references = {
		Reference[name = config.context.service, interface = org.wso2.carbon.utils.ConfigurationContextService, policy = dynamic, cardinality = 1..1, target = null, bind = setConfigurationContextService, unbind = unsetConfigurationContextService]
	}
	located in bundle = org.wso2.carbon.registry.ws.client_4.6.0 [553]
]
Component2: Component[
	name = registry.ws.client.component
	factory = null
	autoenable = true
	immediate = true
	implementation = org.wso2.carbon.governance.client.internal.WSRegistrySearchComponent
	state = Unsatisfied
	properties = {service.pid=registry.ws.client.component}
	serviceFactory = false
	serviceInterface = null
	references = {
		Reference[name = config.context.service, interface = org.wso2.carbon.utils.ConfigurationContextService, policy = dynamic, cardinality = 1..1, target = null, bind = setConfigurationContextService, unbind = unsetConfigurationContextService]
	}
	located in bundle = org.wso2.carbon.governance.client_4.7.0 [372]
]  

!ENTRY org.eclipse.equinox.ds 4 0 2018-08-07 09:08:57.837
!MESSAGE Could not bind a reference of component event.output.adapter.service. The reference is: Reference[name = config.context.service, interface = org.wso2.carbon.utils.ConfigurationContextService, policy = dynamic, cardinality = 0..1, target = null, bind = setConfigurationContextService, unbind = unsetConfigurationContextService]

!ENTRY org.eclipse.equinox.ds 4 0 2018-08-07 09:08:57.838
!MESSAGE Could not bind a reference of component event.output.adapter.service. The reference is: Reference[name = config.context.service, interface = org.wso2.carbon.utils.ConfigurationContextService, policy = dynamic, cardinality = 0..1, target = null, bind = setConfigurationContextService, unbind = unsetConfigurationContextService]

!ENTRY org.eclipse.equinox.ds 4 0 2018-08-07 09:08:57.872
!MESSAGE Could not bind a reference of component org.wso2.carbon.ndatasource. The reference is: Reference[name = registry.service, interface = org.wso2.carbon.registry.core.service.RegistryService, policy = dynamic, cardinality = 0..1, target = null, bind = setRegistryService, unbind = unsetRegistryService]

!ENTRY org.eclipse.equinox.ds 4 0 2018-08-07 09:08:57.873
!MESSAGE Could not bind a reference of component org.wso2.carbon.ndatasource. The reference is: Reference[name = registry.service, interface = org.wso2.carbon.registry.core.service.RegistryService, policy = dynamic, cardinality = 0..1, target = null, bind = setRegistryService, unbind = unsetRegistryService]

!ENTRY org.eclipse.equinox.ds 4 0 2018-08-07 09:08:58.130
!MESSAGE Could not bind a reference of component org.wso2.carbon.ndatasource. The reference is: Reference[name = user.realmservice.default, interface = org.wso2.carbon.user.core.service.RealmService, policy = dynamic, cardinality = 0..1, target = null, bind = setRealmService, unbind = unsetRealmService]

!ENTRY org.eclipse.equinox.ds 4 0 2018-08-07 09:08:58.131
!MESSAGE Could not bind a reference of component org.wso2.carbon.ndatasource. The reference is: Reference[name = user.realmservice.default, interface = org.wso2.carbon.user.core.service.RealmService, policy = dynamic, cardinality = 0..1, target = null, bind = setRealmService, unbind = unsetRealmService]

!ENTRY org.eclipse.equinox.ds 4 0 2018-08-07 09:08:58.132
!MESSAGE Could not bind a reference of component org.wso2.carbon.ndatasource. The reference is: Reference[name = config.context.service, interface = org.wso2.carbon.utils.ConfigurationContextService, policy = dynamic, cardinality = 0..1, target = null, bind = setConfigurationContextService, unbind = unsetConfigurationContextService]

!ENTRY org.eclipse.equinox.ds 4 0 2018-08-07 09:08:58.133
!MESSAGE Could not bind a reference of component org.wso2.carbon.ndatasource. The reference is: Reference[name = config.context.service, interface = org.wso2.carbon.utils.ConfigurationContextService, policy = dynamic, cardinality = 0..1, target = null, bind = setConfigurationContextService, unbind = unsetConfigurationContextService]

!ENTRY org.wso2.carbon.sequences 2 0 2018-08-07 09:08:58.142
!MESSAGE [SCR] Found components with duplicated names! Details: 
Component1 : Component[
	name = org.wso2.carbon.sequences
	factory = null
	autoenable = true
	immediate = true
	implementation = org.wso2.carbon.sequences.internal.SequenceEditorServiceComponent
	state = Unsatisfied
	properties = {service.pid=org.wso2.carbon.sequences}
	serviceFactory = false
	serviceInterface = null
	references = {
		Reference[name = configuration.context.service, interface = org.wso2.carbon.utils.ConfigurationContextService, policy = dynamic, cardinality = 1..1, target = null, bind = setConfigurationContextService, unbind = unsetConfigurationContextService]
		Reference[name = synapse.config.service, interface = org.wso2.carbon.mediation.initializer.services.SynapseConfigurationService, policy = dynamic, cardinality = 1..1, target = null, bind = setSynapseConfigurationService, unbind = unsetSynapseConfigurationService]
		Reference[name = synapse.env.service, interface = org.wso2.carbon.mediation.initializer.services.SynapseEnvironmentService, policy = dynamic, cardinality = 1..n, target = null, bind = setSynapseEnvironmentService, unbind = unsetSynapseEnvironmentService]
		Reference[name = registry.service, interface = org.wso2.carbon.registry.core.service.RegistryService, policy = dynamic, cardinality = 1..1, target = null, bind = setRegistryService, unbind = unsetRegistryService]
		Reference[name = dependency.mgt.service, interface = org.wso2.carbon.mediation.dependency.mgt.services.DependencyManagementService, policy = dynamic, cardinality = 0..1, target = null, bind = setDependencyManager, unbind = unsetDependencyManager]
		Reference[name = synapse.registrations.service, interface = org.wso2.carbon.mediation.initializer.services.SynapseRegistrationsService, policy = dynamic, cardinality = 1..n, target = null, bind = setSynapseRegistrationsService, unbind = unsetSynapseRegistrationsService]
	}
	located in bundle = org.wso2.carbon.sequences_4.6.10 [568]
]
Component2: Component[
	name = org.wso2.carbon.sequences
	factory = null
	autoenable = true
	immediate = true
	implementation = org.wso2.carbon.mediation.configadmin.ConfigAdminServiceComponent
	state = Unsatisfied
	properties = {service.pid=org.wso2.carbon.sequences}
	serviceFactory = false
	serviceInterface = null
	references = {
		Reference[name = synapse.registrations.service, interface = org.wso2.carbon.mediation.initializer.services.SynapseRegistrationsService, policy = dynamic, cardinality = 1..n, target = null, bind = setSynapseRegistrationsService, unbind = unsetSynapseRegistrationsService]
		Reference[name = config.tracking.service, interface = org.wso2.carbon.mediation.dependency.mgt.services.ConfigurationTrackingService, policy = dynamic, cardinality = 1..1, target = null, bind = setConfigTrackingService, unbind = unsetConfigTrackingService]
	}
	located in bundle = org.wso2.carbon.mediation.configadmin_4.6.10 [464]
]  

!ENTRY org.eclipse.equinox.ds 4 0 2018-08-07 09:08:58.254
!MESSAGE Could not bind a reference of component org.wso2.carbon.redirector.servlet.activation. The reference is: Reference[name = activation.service, interface = org.wso2.carbon.activation.service.ActivationService, policy = dynamic, cardinality = 0..1, target = null, bind = setActivationService, unbind = unsetActivationService]

!ENTRY org.eclipse.equinox.ds 4 0 2018-08-07 09:08:58.255
!MESSAGE Could not bind a reference of component org.wso2.carbon.redirector.servlet.activation. The reference is: Reference[name = activation.service, interface = org.wso2.carbon.activation.service.ActivationService, policy = dynamic, cardinality = 0..1, target = null, bind = setActivationService, unbind = unsetActivationService]

!ENTRY org.eclipse.equinox.ds 4 0 2018-08-07 09:08:58.257
!MESSAGE [SCR] Exception while activating instance org.wso2.carbon.redirector.servlet.internal.RedirectorServletActivationServiceComponent@63b4e65d of component org.wso2.carbon.redirector.servlet.activation  
!STACK 0
java.lang.NoClassDefFoundError: org/wso2/carbon/activation/service/ActivationService
	at java.lang.Class.getDeclaredMethods0(Native Method)
	at java.lang.Class.privateGetDeclaredMethods(Class.java:2701)
	at java.lang.Class.getDeclaredMethod(Class.java:2128)
	at org.eclipse.equinox.internal.ds.model.ServiceComponent.getMethod(ServiceComponent.java:156)
	at org.eclipse.equinox.internal.ds.model.ServiceComponent.activate(ServiceComponent.java:253)
	at org.eclipse.equinox.internal.ds.model.ServiceComponentProp.activate(ServiceComponentProp.java:146)
	at org.eclipse.equinox.internal.ds.model.ServiceComponentProp.build(ServiceComponentProp.java:345)
	at org.eclipse.equinox.internal.ds.InstanceProcess.buildComponent(InstanceProcess.java:620)
	at org.eclipse.equinox.internal.ds.InstanceProcess.buildComponents(InstanceProcess.java:197)
	at org.eclipse.equinox.internal.ds.Resolver.buildNewlySatisfied(Resolver.java:473)
	at org.eclipse.equinox.internal.ds.Resolver.enableComponents(Resolver.java:217)
	at org.eclipse.equinox.internal.ds.SCRManager.performWork(SCRManager.java:816)
	at org.eclipse.equinox.internal.ds.SCRManager$QueuedJob.dispatch(SCRManager.java:783)
	at org.eclipse.equinox.internal.ds.WorkThread.run(WorkThread.java:89)
	at java.lang.Thread.run(Thread.java:748)
Caused by: java.lang.ClassNotFoundException: org.wso2.carbon.activation.service.ActivationService cannot be found by org.wso2.carbon.tenant.redirector.servlet_4.6.0
	at org.eclipse.osgi.internal.loader.BundleLoader.findClassInternal(BundleLoader.java:501)
	at org.eclipse.osgi.internal.loader.BundleLoader.findClass(BundleLoader.java:421)
	at org.eclipse.osgi.internal.loader.BundleLoader.findClass(BundleLoader.java:412)
	at org.eclipse.osgi.internal.baseadaptor.DefaultClassLoader.loadClass(DefaultClassLoader.java:107)
	at java.lang.ClassLoader.loadClass(ClassLoader.java:357)
	... 15 more

!ENTRY org.eclipse.equinox.ds 4 0 2018-08-07 09:08:58.259
!MESSAGE [SCR] Exception while activating instance org.wso2.carbon.redirector.servlet.internal.RedirectorServletActivationServiceComponent@63b4e65d of component org.wso2.carbon.redirector.servlet.activation  
!STACK 0
java.lang.NoClassDefFoundError: org/wso2/carbon/activation/service/ActivationService
	at java.lang.Class.getDeclaredMethods0(Native Method)
	at java.lang.Class.privateGetDeclaredMethods(Class.java:2701)
	at java.lang.Class.getDeclaredMethod(Class.java:2128)
	at org.eclipse.equinox.internal.ds.model.ServiceComponent.getMethod(ServiceComponent.java:156)
	at org.eclipse.equinox.internal.ds.model.ServiceComponent.activate(ServiceComponent.java:253)
	at org.eclipse.equinox.internal.ds.model.ServiceComponentProp.activate(ServiceComponentProp.java:146)
	at org.eclipse.equinox.internal.ds.model.ServiceComponentProp.build(ServiceComponentProp.java:345)
	at org.eclipse.equinox.internal.ds.InstanceProcess.buildComponent(InstanceProcess.java:620)
	at org.eclipse.equinox.internal.ds.InstanceProcess.buildComponents(InstanceProcess.java:197)
	at org.eclipse.equinox.internal.ds.Resolver.buildNewlySatisfied(Resolver.java:473)
	at org.eclipse.equinox.internal.ds.Resolver.enableComponents(Resolver.java:217)
	at org.eclipse.equinox.internal.ds.SCRManager.performWork(SCRManager.java:816)
	at org.eclipse.equinox.internal.ds.SCRManager$QueuedJob.dispatch(SCRManager.java:783)
	at org.eclipse.equinox.internal.ds.WorkThread.run(WorkThread.java:89)
	at java.lang.Thread.run(Thread.java:748)
Caused by: java.lang.ClassNotFoundException: org.wso2.carbon.activation.service.ActivationService cannot be found by org.wso2.carbon.tenant.redirector.servlet_4.6.0
	at org.eclipse.osgi.internal.loader.BundleLoader.findClassInternal(BundleLoader.java:501)
	at org.eclipse.osgi.internal.loader.BundleLoader.findClass(BundleLoader.java:421)
	at org.eclipse.osgi.internal.loader.BundleLoader.findClass(BundleLoader.java:412)
	at org.eclipse.osgi.internal.baseadaptor.DefaultClassLoader.loadClass(DefaultClassLoader.java:107)
	at java.lang.ClassLoader.loadClass(ClassLoader.java:357)
	... 15 more

!ENTRY org.eclipse.equinox.ds 4 0 2018-08-07 09:08:58.269
!MESSAGE Could not bind a reference of component org.wso2.carbon.redirector.servlet.activation. The reference is: Reference[name = activation.service, interface = org.wso2.carbon.activation.service.ActivationService, policy = dynamic, cardinality = 0..1, target = null, bind = setActivationService, unbind = unsetActivationService]

!ENTRY org.eclipse.equinox.ds 4 0 2018-08-07 09:08:58.270
!MESSAGE Could not bind a reference of component org.wso2.carbon.redirector.servlet.activation. The reference is: Reference[name = activation.service, interface = org.wso2.carbon.activation.service.ActivationService, policy = dynamic, cardinality = 0..1, target = null, bind = setActivationService, unbind = unsetActivationService]

!ENTRY org.eclipse.equinox.ds 4 0 2018-08-07 09:08:58.680
!MESSAGE Could not bind a reference of component org.wso2.carbon.tomcat.internal.CarbonTomcatServiceComponent. The reference is: Reference[name = sci, interface = javax.servlet.ServletContainerInitializer, policy = dynamic, cardinality = 0..n, target = null, bind = setServletContainerInitializer, unbind = unsetServletContainerInitializer]

!ENTRY org.eclipse.equinox.ds 4 0 2018-08-07 09:08:58.682
!MESSAGE Could not bind a reference of component org.wso2.carbon.tomcat.internal.CarbonTomcatServiceComponent. The reference is: Reference[name = sci, interface = javax.servlet.ServletContainerInitializer, policy = dynamic, cardinality = 0..n, target = null, bind = setServletContainerInitializer, unbind = unsetServletContainerInitializer]

!ENTRY org.wso2.carbon.um.ws.service 2 0 2018-08-07 09:08:58.760
!MESSAGE [SCR] Found components with duplicated names! Details: 
Component1 : Component[
	name = remote.um.api.component
	factory = null
	autoenable = true
	immediate = true
	implementation = org.wso2.carbon.um.ws.service.internal.UMRemoteServicesDSComponent
	state = Unsatisfied
	properties = {service.pid=remote.um.api.component}
	serviceFactory = false
	serviceInterface = null
	references = {
		Reference[name = user.realmservice.default, interface = org.wso2.carbon.user.core.service.RealmService, policy = dynamic, cardinality = 1..1, target = null, bind = setRealmService, unbind = unsetRealmService]
		Reference[name = registry.service, interface = org.wso2.carbon.registry.core.service.RegistryService, policy = dynamic, cardinality = 1..1, target = null, bind = setRegistryService, unbind = unsetRegistryService]
	}
	located in bundle = org.wso2.carbon.um.ws.service_5.1.4 [614]
]
Component2: Component[
	name = remote.um.api.component
	factory = null
	autoenable = true
	immediate = true
	implementation = org.wso2.carbon.um.ws.api.internal.UserMgtWSAPIDSComponent
	state = Unsatisfied
	properties = {service.pid=remote.um.api.component}
	serviceFactory = false
	serviceInterface = null
	references = {
		Reference[name = config.context.service, interface = org.wso2.carbon.utils.ConfigurationContextService, policy = dynamic, cardinality = 1..1, target = null, bind = setConfigurationContextService, unbind = unsetConfigurationContextService]
	}
	located in bundle = org.wso2.carbon.um.ws.api_5.1.4 [612]
]  

!ENTRY org.eclipse.equinox.ds 4 0 2018-08-07 09:08:59.196
!MESSAGE Could not bind a reference of component databridge.component. The reference is: Reference[name = config.context.service, interface = org.wso2.carbon.utils.ConfigurationContextService, policy = dynamic, cardinality = 0..1, target = null, bind = setConfigurationContextService, unbind = unsetConfigurationContextService]

!ENTRY org.eclipse.equinox.ds 4 0 2018-08-07 09:08:59.198
!MESSAGE Could not bind a reference of component databridge.component. The reference is: Reference[name = config.context.service, interface = org.wso2.carbon.utils.ConfigurationContextService, policy = dynamic, cardinality = 0..1, target = null, bind = setConfigurationContextService, unbind = unsetConfigurationContextService]

!ENTRY org.eclipse.equinox.ds 4 0 2018-08-07 09:08:59.513
!MESSAGE Could not bind a reference of component registry.core.dscomponent. The reference is: Reference[name = statistics.collector, interface = org.wso2.carbon.registry.core.statistics.StatisticsCollector, policy = dynamic, cardinality = 0..n, target = null, bind = setStatisticsCollector, unbind = unsetStatisticsCollector]

!ENTRY org.eclipse.equinox.ds 4 0 2018-08-07 09:08:59.514
!MESSAGE Could not bind a reference of component registry.core.dscomponent. The reference is: Reference[name = statistics.collector, interface = org.wso2.carbon.registry.core.statistics.StatisticsCollector, policy = dynamic, cardinality = 0..n, target = null, bind = setStatisticsCollector, unbind = unsetStatisticsCollector]

!ENTRY org.eclipse.equinox.ds 4 0 2018-08-07 09:08:59.516
!MESSAGE Could not bind a reference of component registry.core.dscomponent. The reference is: Reference[name = CacheInvalidator, interface = org.wso2.carbon.caching.impl.CacheInvalidator, policy = dynamic, cardinality = 0..n, target = null, bind = setCacheInvalidatorService, unbind = unSetCacheInvalidatorService]

!ENTRY org.eclipse.equinox.ds 4 0 2018-08-07 09:08:59.518
!MESSAGE Could not bind a reference of component registry.core.dscomponent. The reference is: Reference[name = CacheInvalidator, interface = org.wso2.carbon.caching.impl.CacheInvalidator, policy = dynamic, cardinality = 0..n, target = null, bind = setCacheInvalidatorService, unbind = unSetCacheInvalidatorService]

!ENTRY org.eclipse.equinox.ds 4 0 2018-08-07 09:08:59.899
!MESSAGE Could not bind a reference of component eventProcessorService.component. The reference is: Reference[name = hazelcast.instance.service, interface = com.hazelcast.core.HazelcastInstance, policy = dynamic, cardinality = 0..1, target = null, bind = setHazelcastInstance, unbind = unsetHazelcastInstance]

!ENTRY org.eclipse.equinox.ds 4 0 2018-08-07 09:08:59.901
!MESSAGE Could not bind a reference of component eventProcessorService.component. The reference is: Reference[name = hazelcast.instance.service, interface = com.hazelcast.core.HazelcastInstance, policy = dynamic, cardinality = 0..1, target = null, bind = setHazelcastInstance, unbind = unsetHazelcastInstance]

!ENTRY org.eclipse.equinox.ds 4 0 2018-08-07 09:08:59.902
!MESSAGE Could not bind a reference of component eventProcessorService.component. The reference is: Reference[name = configuration.context, interface = org.wso2.carbon.utils.ConfigurationContextService, policy = dynamic, cardinality = 0..1, target = null, bind = setConfigurationContext, unbind = unsetConfigurationContext]

!ENTRY org.eclipse.equinox.ds 4 0 2018-08-07 09:08:59.903
!MESSAGE Could not bind a reference of component eventProcessorService.component. The reference is: Reference[name = configuration.context, interface = org.wso2.carbon.utils.ConfigurationContextService, policy = dynamic, cardinality = 0..1, target = null, bind = setConfigurationContext, unbind = unsetConfigurationContext]

!ENTRY org.eclipse.equinox.ds 4 0 2018-08-07 09:09:02.199
!MESSAGE Could not bind a reference of component eventPublisherService.component. The reference is: Reference[name = config.context.service, interface = org.wso2.carbon.utils.ConfigurationContextService, policy = dynamic, cardinality = 0..1, target = null, bind = setConfigurationContextService, unbind = unsetConfigurationContextService]

!ENTRY org.eclipse.equinox.ds 4 0 2018-08-07 09:09:02.200
!MESSAGE Could not bind a reference of component eventPublisherService.component. The reference is: Reference[name = config.context.service, interface = org.wso2.carbon.utils.ConfigurationContextService, policy = dynamic, cardinality = 0..1, target = null, bind = setConfigurationContextService, unbind = unsetConfigurationContextService]

!ENTRY org.eclipse.equinox.ds 4 0 2018-08-07 09:09:02.212
!MESSAGE Could not bind a reference of component eventReceiverService.component. The reference is: Reference[name = config.context.service, interface = org.wso2.carbon.utils.ConfigurationContextService, policy = dynamic, cardinality = 0..1, target = null, bind = setConfigurationContextService, unbind = unsetConfigurationContextService]

!ENTRY org.eclipse.equinox.ds 4 0 2018-08-07 09:09:02.214
!MESSAGE Could not bind a reference of component eventReceiverService.component. The reference is: Reference[name = config.context.service, interface = org.wso2.carbon.utils.ConfigurationContextService, policy = dynamic, cardinality = 0..1, target = null, bind = setConfigurationContextService, unbind = unsetConfigurationContextService]

!ENTRY org.eclipse.equinox.ds 4 0 2018-08-07 09:09:04.750
!MESSAGE Could not bind a reference of component org.wso2.carbon.registry.server. The reference is: Reference[name = config.context.service, interface = org.wso2.carbon.utils.ConfigurationContextService, policy = dynamic, cardinality = 0..1, target = null, bind = setConfigurationContextService, unbind = unsetConfigurationContextService]

!ENTRY org.eclipse.equinox.ds 4 0 2018-08-07 09:09:04.751
!MESSAGE Could not bind a reference of component org.wso2.carbon.registry.server. The reference is: Reference[name = config.context.service, interface = org.wso2.carbon.utils.ConfigurationContextService, policy = dynamic, cardinality = 0..1, target = null, bind = setConfigurationContextService, unbind = unsetConfigurationContextService]

!ENTRY org.eclipse.equinox.ds 4 0 2018-08-07 09:09:04.853
!MESSAGE Could not bind a reference of component org.wso2.carbon.user.core.listener. The reference is: Reference[name = authorization.manager.listener.service, interface = org.wso2.carbon.user.core.listener.AuthorizationManagerListener, policy = dynamic, cardinality = 0..n, target = null, bind = setAuthorizationManagerListenerService, unbind = unsetAuthorizationManagerListenerService]

!ENTRY org.eclipse.equinox.ds 4 0 2018-08-07 09:09:04.855
!MESSAGE Could not bind a reference of component org.wso2.carbon.user.core.listener. The reference is: Reference[name = authorization.manager.listener.service, interface = org.wso2.carbon.user.core.listener.AuthorizationManagerListener, policy = dynamic, cardinality = 0..n, target = null, bind = setAuthorizationManagerListenerService, unbind = unsetAuthorizationManagerListenerService]

!ENTRY org.eclipse.equinox.ds 4 0 2018-08-07 09:09:04.856
!MESSAGE Could not bind a reference of component org.wso2.carbon.user.core.listener. The reference is: Reference[name = user.store.manager.listener.service, interface = org.wso2.carbon.user.core.listener.UserStoreManagerListener, policy = dynamic, cardinality = 0..n, target = null, bind = setUserStoreManagerListenerService, unbind = unsetUserStoreManagerListenerService]

!ENTRY org.eclipse.equinox.ds 4 0 2018-08-07 09:09:04.857
!MESSAGE Could not bind a reference of component org.wso2.carbon.user.core.listener. The reference is: Reference[name = user.store.manager.listener.service, interface = org.wso2.carbon.user.core.listener.UserStoreManagerListener, policy = dynamic, cardinality = 0..n, target = null, bind = setUserStoreManagerListenerService, unbind = unsetUserStoreManagerListenerService]

!ENTRY org.eclipse.equinox.ds 4 0 2018-08-07 09:09:04.859
!MESSAGE Could not bind a reference of component org.wso2.carbon.user.core.listener. The reference is: Reference[name = user.operation.event.listener.service, interface = org.wso2.carbon.user.core.listener.UserOperationEventListener, policy = dynamic, cardinality = 0..n, target = null, bind = setUserOperationEventListenerService, unbind = unsetUserOperationEventListenerService]

!ENTRY org.eclipse.equinox.ds 4 0 2018-08-07 09:09:04.860
!MESSAGE Could not bind a reference of component org.wso2.carbon.user.core.listener. The reference is: Reference[name = user.operation.event.listener.service, interface = org.wso2.carbon.user.core.listener.UserOperationEventListener, policy = dynamic, cardinality = 0..n, target = null, bind = setUserOperationEventListenerService, unbind = unsetUserOperationEventListenerService]

!ENTRY org.eclipse.equinox.ds 4 0 2018-08-07 09:09:04.861
!MESSAGE Could not bind a reference of component org.wso2.carbon.user.core.listener. The reference is: Reference[name = claim.manager.listener.service, interface = org.wso2.carbon.user.core.listener.ClaimManagerListener, policy = dynamic, cardinality = 0..n, target = null, bind = setClaimManagerListenerService, unbind = unsetClaimManagerListenerService]

!ENTRY org.eclipse.equinox.ds 4 0 2018-08-07 09:09:04.861
!MESSAGE Could not bind a reference of component org.wso2.carbon.user.core.listener. The reference is: Reference[name = claim.manager.listener.service, interface = org.wso2.carbon.user.core.listener.ClaimManagerListener, policy = dynamic, cardinality = 0..n, target = null, bind = setClaimManagerListenerService, unbind = unsetClaimManagerListenerService]

!ENTRY org.eclipse.equinox.ds 4 0 2018-08-07 09:09:04.862
!MESSAGE Could not bind a reference of component org.wso2.carbon.user.core.listener. The reference is: Reference[name = ldap.tenant.manager.listener.service, interface = org.wso2.carbon.user.core.tenant.LDAPTenantManager, policy = dynamic, cardinality = 0..n, target = null, bind = addLDAPTenantManager, unbind = removeLDAPTenantManager]

!ENTRY org.eclipse.equinox.ds 4 0 2018-08-07 09:09:04.863
!MESSAGE Could not bind a reference of component org.wso2.carbon.user.core.listener. The reference is: Reference[name = ldap.tenant.manager.listener.service, interface = org.wso2.carbon.user.core.tenant.LDAPTenantManager, policy = dynamic, cardinality = 0..n, target = null, bind = addLDAPTenantManager, unbind = removeLDAPTenantManager]

!ENTRY org.eclipse.equinox.ds 4 0 2018-08-07 09:09:04.865
!MESSAGE Could not bind a reference of component user.store.mgt.dscomponent. The reference is: Reference[name = claim.mgt.component, interface = org.wso2.carbon.user.core.claim.ClaimManagerFactory, policy = dynamic, cardinality = 0..1, target = null, bind = setClaimManagerFactory, unbind = unsetClaimManagerFactory]

!ENTRY org.eclipse.equinox.ds 4 0 2018-08-07 09:09:04.867
!MESSAGE Could not bind a reference of component user.store.mgt.dscomponent. The reference is: Reference[name = claim.mgt.component, interface = org.wso2.carbon.user.core.claim.ClaimManagerFactory, policy = dynamic, cardinality = 0..1, target = null, bind = setClaimManagerFactory, unbind = unsetClaimManagerFactory]

!ENTRY org.eclipse.equinox.ds 4 0 2018-08-07 09:09:04.905
!MESSAGE Could not bind a reference of component org.wso2.carbon.context.internal.CarbonContextDiscoveryServiceComponent. The reference is: Reference[name = discoveryService, interface = org.wso2.carbon.base.DiscoveryService, policy = dynamic, cardinality = 0..1, target = null, bind = setDiscoveryService, unbind = unsetDiscoveryService]

!ENTRY org.eclipse.equinox.ds 4 0 2018-08-07 09:09:04.906
!MESSAGE Could not bind a reference of component org.wso2.carbon.context.internal.CarbonContextDiscoveryServiceComponent. The reference is: Reference[name = discoveryService, interface = org.wso2.carbon.base.DiscoveryService, policy = dynamic, cardinality = 0..1, target = null, bind = setDiscoveryService, unbind = unsetDiscoveryService]

!ENTRY org.eclipse.equinox.ds 4 0 2018-08-07 09:09:04.933
!MESSAGE Could not bind a reference of component org.wso2.carbon.webapp.mgt.internal.UrlMapperServiceComponent. The reference is: Reference[name = url.mapper.service, interface = org.wso2.carbon.url.mapper.HotUpdateService, policy = dynamic, cardinality = 0..1, target = null, bind = setHotUpdateService, unbind = unsetHotUpdateService]

!ENTRY org.eclipse.equinox.ds 4 0 2018-08-07 09:09:04.934
!MESSAGE Could not bind a reference of component org.wso2.carbon.webapp.mgt.internal.UrlMapperServiceComponent. The reference is: Reference[name = url.mapper.service, interface = org.wso2.carbon.url.mapper.HotUpdateService, policy = dynamic, cardinality = 0..1, target = null, bind = setHotUpdateService, unbind = unsetHotUpdateService]

!ENTRY org.eclipse.equinox.ds 4 0 2018-08-07 09:09:04.936
!MESSAGE [SCR] Exception while activating instance org.wso2.carbon.webapp.mgt.internal.UrlMapperServiceComponent@69f57fa of component org.wso2.carbon.webapp.mgt.internal.UrlMapperServiceComponent  
!STACK 0
java.lang.NoClassDefFoundError: org/wso2/carbon/url/mapper/HotUpdateService
	at java.lang.Class.getDeclaredMethods0(Native Method)
	at java.lang.Class.privateGetDeclaredMethods(Class.java:2701)
	at java.lang.Class.getDeclaredMethod(Class.java:2128)
	at org.eclipse.equinox.internal.ds.model.ServiceComponent.getMethod(ServiceComponent.java:156)
	at org.eclipse.equinox.internal.ds.model.ServiceComponent.activate(ServiceComponent.java:253)
	at org.eclipse.equinox.internal.ds.model.ServiceComponentProp.activate(ServiceComponentProp.java:146)
	at org.eclipse.equinox.internal.ds.model.ServiceComponentProp.build(ServiceComponentProp.java:345)
	at org.eclipse.equinox.internal.ds.InstanceProcess.buildComponent(InstanceProcess.java:620)
	at org.eclipse.equinox.internal.ds.InstanceProcess.buildComponents(InstanceProcess.java:197)
	at org.eclipse.equinox.internal.ds.Resolver.buildNewlySatisfied(Resolver.java:473)
	at org.eclipse.equinox.internal.ds.Resolver.enableComponents(Resolver.java:217)
	at org.eclipse.equinox.internal.ds.SCRManager.performWork(SCRManager.java:816)
	at org.eclipse.equinox.internal.ds.SCRManager$QueuedJob.dispatch(SCRManager.java:783)
	at org.eclipse.equinox.internal.ds.WorkThread.run(WorkThread.java:89)
	at org.eclipse.equinox.internal.util.impl.tpt.threadpool.Executor.run(Executor.java:70)
Caused by: java.lang.ClassNotFoundException: org.wso2.carbon.url.mapper.HotUpdateService cannot be found by org.wso2.carbon.webapp.mgt_4.7.0
	at org.eclipse.osgi.internal.loader.BundleLoader.findClassInternal(BundleLoader.java:501)
	at org.eclipse.osgi.internal.loader.BundleLoader.findClass(BundleLoader.java:421)
	at org.eclipse.osgi.internal.loader.BundleLoader.findClass(BundleLoader.java:412)
	at org.eclipse.osgi.internal.baseadaptor.DefaultClassLoader.loadClass(DefaultClassLoader.java:107)
	at java.lang.ClassLoader.loadClass(ClassLoader.java:357)
	... 15 more

!ENTRY org.eclipse.equinox.ds 4 0 2018-08-07 09:09:04.937
!MESSAGE [SCR] Exception while activating instance org.wso2.carbon.webapp.mgt.internal.UrlMapperServiceComponent@69f57fa of component org.wso2.carbon.webapp.mgt.internal.UrlMapperServiceComponent  
!STACK 0
java.lang.NoClassDefFoundError: org/wso2/carbon/url/mapper/HotUpdateService
	at java.lang.Class.getDeclaredMethods0(Native Method)
	at java.lang.Class.privateGetDeclaredMethods(Class.java:2701)
	at java.lang.Class.getDeclaredMethod(Class.java:2128)
	at org.eclipse.equinox.internal.ds.model.ServiceComponent.getMethod(ServiceComponent.java:156)
	at org.eclipse.equinox.internal.ds.model.ServiceComponent.activate(ServiceComponent.java:253)
	at org.eclipse.equinox.internal.ds.model.ServiceComponentProp.activate(ServiceComponentProp.java:146)
	at org.eclipse.equinox.internal.ds.model.ServiceComponentProp.build(ServiceComponentProp.java:345)
	at org.eclipse.equinox.internal.ds.InstanceProcess.buildComponent(InstanceProcess.java:620)
	at org.eclipse.equinox.internal.ds.InstanceProcess.buildComponents(InstanceProcess.java:197)
	at org.eclipse.equinox.internal.ds.Resolver.buildNewlySatisfied(Resolver.java:473)
	at org.eclipse.equinox.internal.ds.Resolver.enableComponents(Resolver.java:217)
	at org.eclipse.equinox.internal.ds.SCRManager.performWork(SCRManager.java:816)
	at org.eclipse.equinox.internal.ds.SCRManager$QueuedJob.dispatch(SCRManager.java:783)
	at org.eclipse.equinox.internal.ds.WorkThread.run(WorkThread.java:89)
	at org.eclipse.equinox.internal.util.impl.tpt.threadpool.Executor.run(Executor.java:70)
Caused by: java.lang.ClassNotFoundException: org.wso2.carbon.url.mapper.HotUpdateService cannot be found by org.wso2.carbon.webapp.mgt_4.7.0
	at org.eclipse.osgi.internal.loader.BundleLoader.findClassInternal(BundleLoader.java:501)
	at org.eclipse.osgi.internal.loader.BundleLoader.findClass(BundleLoader.java:421)
	at org.eclipse.osgi.internal.loader.BundleLoader.findClass(BundleLoader.java:412)
	at org.eclipse.osgi.internal.baseadaptor.DefaultClassLoader.loadClass(DefaultClassLoader.java:107)
	at java.lang.ClassLoader.loadClass(ClassLoader.java:357)
	... 15 more

!ENTRY org.eclipse.equinox.ds 4 0 2018-08-07 09:09:04.949
!MESSAGE Could not bind a reference of component org.wso2.carbon.webapp.mgt.internal.UrlMapperServiceComponent. The reference is: Reference[name = url.mapper.service, interface = org.wso2.carbon.url.mapper.HotUpdateService, policy = dynamic, cardinality = 0..1, target = null, bind = setHotUpdateService, unbind = unsetHotUpdateService]

!ENTRY org.eclipse.equinox.ds 4 0 2018-08-07 09:09:04.951
!MESSAGE Could not bind a reference of component org.wso2.carbon.webapp.mgt.internal.UrlMapperServiceComponent. The reference is: Reference[name = url.mapper.service, interface = org.wso2.carbon.url.mapper.HotUpdateService, policy = dynamic, cardinality = 0..1, target = null, bind = setHotUpdateService, unbind = unsetHotUpdateService]

!ENTRY org.eclipse.equinox.ds 4 0 2018-08-07 09:09:05.044
!MESSAGE Could not bind a reference of component throttle.core.services. The reference is: Reference[name = hazelcast.instance.service, interface = com.hazelcast.core.HazelcastInstance, policy = dynamic, cardinality = 0..1, target = null, bind = setHazelcastInstance, unbind = unsetHazelcastInstance]

!ENTRY org.eclipse.equinox.ds 4 0 2018-08-07 09:09:05.045
!MESSAGE Could not bind a reference of component throttle.core.services. The reference is: Reference[name = hazelcast.instance.service, interface = com.hazelcast.core.HazelcastInstance, policy = dynamic, cardinality = 0..1, target = null, bind = setHazelcastInstance, unbind = unsetHazelcastInstance]

!ENTRY org.eclipse.equinox.ds 4 0 2018-08-07 09:09:12.634
!MESSAGE Could not bind a reference of component carbon.core.dscomponent. The reference is: Reference[name = serverShutdownHandler, interface = org.wso2.carbon.core.ServerShutdownHandler, policy = dynamic, cardinality = 0..n, target = null, bind = addServerShutdownHandler, unbind = removeServerShutdownHandler]

!ENTRY org.eclipse.equinox.ds 4 0 2018-08-07 09:09:12.635
!MESSAGE Could not bind a reference of component carbon.core.dscomponent. The reference is: Reference[name = serverShutdownHandler, interface = org.wso2.carbon.core.ServerShutdownHandler, policy = dynamic, cardinality = 0..n, target = null, bind = addServerShutdownHandler, unbind = removeServerShutdownHandler]

!ENTRY org.eclipse.equinox.ds 4 0 2018-08-07 09:09:12.636
!MESSAGE Could not bind a reference of component carbon.core.dscomponent. The reference is: Reference[name = serverRestartHandler, interface = org.wso2.carbon.core.ServerRestartHandler, policy = dynamic, cardinality = 0..n, target = null, bind = addServerRestartHandler, unbind = removeServerRestartHandler]

!ENTRY org.eclipse.equinox.ds 4 0 2018-08-07 09:09:12.637
!MESSAGE Could not bind a reference of component carbon.core.dscomponent. The reference is: Reference[name = serverRestartHandler, interface = org.wso2.carbon.core.ServerRestartHandler, policy = dynamic, cardinality = 0..n, target = null, bind = addServerRestartHandler, unbind = removeServerRestartHandler]

!ENTRY org.eclipse.equinox.ds 4 0 2018-08-07 09:09:12.638
!MESSAGE Could not bind a reference of component carbon.core.dscomponent. The reference is: Reference[name = serverStartupHandler, interface = org.wso2.carbon.core.ServerStartupHandler, policy = dynamic, cardinality = 0..n, target = null, bind = addServerStartupHandler, unbind = removeServerStartupHandler]

!ENTRY org.eclipse.equinox.ds 4 0 2018-08-07 09:09:12.639
!MESSAGE Could not bind a reference of component carbon.core.dscomponent. The reference is: Reference[name = serverStartupHandler, interface = org.wso2.carbon.core.ServerStartupHandler, policy = dynamic, cardinality = 0..n, target = null, bind = addServerStartupHandler, unbind = removeServerStartupHandler]

!ENTRY org.eclipse.equinox.ds 4 0 2018-08-07 09:09:12.639
!MESSAGE Could not bind a reference of component carbon.core.dscomponent. The reference is: Reference[name = coordinatedActivity, interface = org.wso2.carbon.core.clustering.api.CoordinatedActivity, policy = dynamic, cardinality = 0..n, target = null, bind = addCoordinatedActivity, unbind = removeCoordinatedActivity]

!ENTRY org.eclipse.equinox.ds 4 0 2018-08-07 09:09:12.640
!MESSAGE Could not bind a reference of component carbon.core.dscomponent. The reference is: Reference[name = coordinatedActivity, interface = org.wso2.carbon.core.clustering.api.CoordinatedActivity, policy = dynamic, cardinality = 0..n, target = null, bind = addCoordinatedActivity, unbind = removeCoordinatedActivity]

!ENTRY org.eclipse.equinox.ds 4 0 2018-08-07 09:09:12.641
!MESSAGE Could not bind a reference of component carbon.core.dscomponent. The reference is: Reference[name = serverStartupObserver, interface = org.wso2.carbon.core.ServerStartupObserver, policy = dynamic, cardinality = 0..n, target = null, bind = addServerStartupObserver, unbind = removeServerStartupObserver]

!ENTRY org.eclipse.equinox.ds 4 0 2018-08-07 09:09:12.642
!MESSAGE Could not bind a reference of component carbon.core.dscomponent. The reference is: Reference[name = serverStartupObserver, interface = org.wso2.carbon.core.ServerStartupObserver, policy = dynamic, cardinality = 0..n, target = null, bind = addServerStartupObserver, unbind = removeServerStartupObserver]

!ENTRY org.eclipse.equinox.ds 4 0 2018-08-07 09:09:18.755
!MESSAGE Could not bind a reference of component org.wso2.apimgt.impl.services. The reference is: Reference[name = listener.manager.service, interface = org.apache.axis2.engine.ListenerManager, policy = dynamic, cardinality = 0..1, target = null, bind = setListenerManager, unbind = unsetListenerManager]

!ENTRY org.eclipse.equinox.ds 4 0 2018-08-07 09:09:18.756
!MESSAGE Could not bind a reference of component org.wso2.apimgt.impl.services. The reference is: Reference[name = listener.manager.service, interface = org.apache.axis2.engine.ListenerManager, policy = dynamic, cardinality = 0..1, target = null, bind = setListenerManager, unbind = unsetListenerManager]

!ENTRY org.eclipse.equinox.ds 4 0 2018-08-07 09:09:19.490
!MESSAGE Could not bind a reference of component org.wso2.carbon.deployment.synchronizer.XXX. The reference is: Reference[name = repository.reference.service, interface = org.wso2.carbon.deployment.synchronizer.ArtifactRepository, policy = dynamic, cardinality = 0..n, target = null, bind = addArtifactRepository, unbind = removeArtifactRepository]

!ENTRY org.eclipse.equinox.ds 4 0 2018-08-07 09:09:19.492
!MESSAGE Could not bind a reference of component org.wso2.carbon.deployment.synchronizer.XXX. The reference is: Reference[name = repository.reference.service, interface = org.wso2.carbon.deployment.synchronizer.ArtifactRepository, policy = dynamic, cardinality = 0..n, target = null, bind = addArtifactRepository, unbind = removeArtifactRepository]

!ENTRY org.eclipse.equinox.ds 4 0 2018-08-07 09:09:19.523
!MESSAGE Could not bind a reference of component org.wso2.carbon.usage.agent. The reference is: Reference[name = org.wso2.carbon.statistics.services, interface = org.wso2.carbon.statistics.services.SystemStatisticsUtil, policy = dynamic, cardinality = 0..1, target = null, bind = setSystemStatisticsUtil, unbind = unsetSystemStatisticsUtil]

!ENTRY org.eclipse.equinox.ds 4 0 2018-08-07 09:09:19.523
!MESSAGE Could not bind a reference of component org.wso2.carbon.usage.agent. The reference is: Reference[name = org.wso2.carbon.statistics.services, interface = org.wso2.carbon.statistics.services.SystemStatisticsUtil, policy = dynamic, cardinality = 0..1, target = null, bind = setSystemStatisticsUtil, unbind = unsetSystemStatisticsUtil]

!ENTRY org.eclipse.equinox.ds 4 0 2018-08-07 09:09:19.664
!MESSAGE Could not bind a reference of component identity.application.management.component. The reference is: Reference[name = application.mgt.authenticator, interface = org.wso2.carbon.identity.application.mgt.AbstractInboundAuthenticatorConfig, policy = dynamic, cardinality = 0..n, target = null, bind = setInboundAuthenticatorConfig, unbind = unsetInboundAuthenticatorConfig]

!ENTRY org.eclipse.equinox.ds 4 0 2018-08-07 09:09:19.665
!MESSAGE Could not bind a reference of component identity.application.management.component. The reference is: Reference[name = application.mgt.authenticator, interface = org.wso2.carbon.identity.application.mgt.AbstractInboundAuthenticatorConfig, policy = dynamic, cardinality = 0..n, target = null, bind = setInboundAuthenticatorConfig, unbind = unsetInboundAuthenticatorConfig]

!ENTRY org.eclipse.equinox.ds 4 0 2018-08-07 09:09:19.672
!MESSAGE Could not bind a reference of component identity.oauth.dcr. The reference is: Reference[name = identity.oauth.dcr.handler.register, interface = org.wso2.carbon.identity.oauth.dcr.handler.RegistrationHandler, policy = dynamic, cardinality = 0..n, target = null, bind = setRegistrationHandler, unbind = unsetRegistrationHandler]

!ENTRY org.eclipse.equinox.ds 4 0 2018-08-07 09:09:19.673
!MESSAGE Could not bind a reference of component identity.oauth.dcr. The reference is: Reference[name = identity.oauth.dcr.handler.register, interface = org.wso2.carbon.identity.oauth.dcr.handler.RegistrationHandler, policy = dynamic, cardinality = 0..n, target = null, bind = setRegistrationHandler, unbind = unsetRegistrationHandler]

!ENTRY org.eclipse.equinox.ds 4 0 2018-08-07 09:09:19.675
!MESSAGE Could not bind a reference of component identity.oauth.dcr. The reference is: Reference[name = identity.oauth.dcr.handler.unregister, interface = org.wso2.carbon.identity.oauth.dcr.handler.UnRegistrationHandler, policy = dynamic, cardinality = 0..n, target = null, bind = setUnRegistrationHandler, unbind = unsetUnRegistrationHandler]

!ENTRY org.eclipse.equinox.ds 4 0 2018-08-07 09:09:19.677
!MESSAGE Could not bind a reference of component identity.oauth.dcr. The reference is: Reference[name = identity.oauth.dcr.handler.unregister, interface = org.wso2.carbon.identity.oauth.dcr.handler.UnRegistrationHandler, policy = dynamic, cardinality = 0..n, target = null, bind = setUnRegistrationHandler, unbind = unsetUnRegistrationHandler]

!ENTRY org.eclipse.equinox.ds 4 0 2018-08-07 09:09:19.721
!MESSAGE Could not bind a reference of component api.keymgt.component. The reference is: Reference[name = scope.issuer.service, interface = org.wso2.carbon.apimgt.keymgt.issuers.AbstractScopesIssuer, policy = dynamic, cardinality = 0..n, target = null, bind = addScopeIssuer, unbind = removeScopeIssuers]

!ENTRY org.eclipse.equinox.ds 4 0 2018-08-07 09:09:19.722
!MESSAGE Could not bind a reference of component api.keymgt.component. The reference is: Reference[name = scope.issuer.service, interface = org.wso2.carbon.apimgt.keymgt.issuers.AbstractScopesIssuer, policy = dynamic, cardinality = 0..n, target = null, bind = addScopeIssuer, unbind = removeScopeIssuers]

!ENTRY org.eclipse.equinox.ds 4 0 2018-08-07 09:09:19.871
!MESSAGE Could not bind a reference of component identity.application.authentication.framework.component. The reference is: Reference[name = identity.authentication.data.publisher, interface = org.wso2.carbon.identity.application.authentication.framework.AuthenticationDataPublisher, policy = dynamic, cardinality = 0..n, target = null, bind = setAuthenticationDataPublisher, unbind = unsetAuthenticationDataPublisher]

!ENTRY org.eclipse.equinox.ds 4 0 2018-08-07 09:09:19.872
!MESSAGE Could not bind a reference of component identity.application.authentication.framework.component. The reference is: Reference[name = identity.authentication.data.publisher, interface = org.wso2.carbon.identity.application.authentication.framework.AuthenticationDataPublisher, policy = dynamic, cardinality = 0..n, target = null, bind = setAuthenticationDataPublisher, unbind = unsetAuthenticationDataPublisher]

!ENTRY org.eclipse.equinox.ds 4 0 2018-08-07 09:09:19.910
!MESSAGE Could not bind a reference of component identity.claim.metadata.component. The reference is: Reference[name = claim.manager.listener.service, interface = org.wso2.carbon.user.core.listener.ClaimManagerListener, policy = dynamic, cardinality = 0..n, target = null, bind = setClaimManagerListener, unbind = unsetClaimManagerListener]

!ENTRY org.eclipse.equinox.ds 4 0 2018-08-07 09:09:19.912
!MESSAGE Could not bind a reference of component identity.claim.metadata.component. The reference is: Reference[name = claim.manager.listener.service, interface = org.wso2.carbon.user.core.listener.ClaimManagerListener, policy = dynamic, cardinality = 0..n, target = null, bind = setClaimManagerListener, unbind = unsetClaimManagerListener]

!ENTRY org.eclipse.equinox.ds 4 0 2018-08-07 09:09:19.968
!MESSAGE Could not bind a reference of component identity.oauth.component. The reference is: Reference[name = org.wso2.carbon.identity.oauth.event.OAuthEventInterceptor, interface = org.wso2.carbon.identity.oauth.event.OAuthEventInterceptor, policy = dynamic, cardinality = 0..n, target = null, bind = setOAuthEventInterceptorProxy, unbind = unsetOAuthEventInterceptor]

!ENTRY org.eclipse.equinox.ds 4 0 2018-08-07 09:09:19.969
!MESSAGE Could not bind a reference of component identity.oauth.component. The reference is: Reference[name = org.wso2.carbon.identity.oauth.event.OAuthEventInterceptor, interface = org.wso2.carbon.identity.oauth.event.OAuthEventInterceptor, policy = dynamic, cardinality = 0..n, target = null, bind = setOAuthEventInterceptorProxy, unbind = unsetOAuthEventInterceptor]

!ENTRY org.eclipse.equinox.ds 4 0 2018-08-07 09:09:20.006
!MESSAGE Could not bind a reference of component identity.provider.component. The reference is: Reference[name = identity.attribute.service, interface = org.wso2.carbon.identity.provider.IdentityAttributeService, policy = dynamic, cardinality = 0..n, target = null, bind = addAttributeService, unbind = removeAttributeService]

!ENTRY org.eclipse.equinox.ds 4 0 2018-08-07 09:09:20.007
!MESSAGE Could not bind a reference of component identity.provider.component. The reference is: Reference[name = identity.attribute.service, interface = org.wso2.carbon.identity.provider.IdentityAttributeService, policy = dynamic, cardinality = 0..n, target = null, bind = addAttributeService, unbind = removeAttributeService]

!ENTRY org.eclipse.equinox.ds 4 0 2018-08-07 09:09:20.015
!MESSAGE Could not bind a reference of component identity.user.store.count.component. The reference is: Reference[name = user.store.count, interface = org.wso2.carbon.identity.user.store.count.AbstractCountRetrieverFactory, policy = dynamic, cardinality = 0..n, target = null, bind = setCountRetrieverFactory, unbind = unsetCountRetrieverFactory]

!ENTRY org.eclipse.equinox.ds 4 0 2018-08-07 09:09:20.017
!MESSAGE Could not bind a reference of component identity.user.store.count.component. The reference is: Reference[name = user.store.count, interface = org.wso2.carbon.identity.user.store.count.AbstractCountRetrieverFactory, policy = dynamic, cardinality = 0..n, target = null, bind = setCountRetrieverFactory, unbind = unsetCountRetrieverFactory]

!ENTRY org.eclipse.equinox.ds 4 0 2018-08-07 09:09:20.023
!MESSAGE Could not bind a reference of component idp.mgt.dscomponent. The reference is: Reference[name = identity.provider.saml.service.component, interface = org.wso2.carbon.idp.mgt.util.MetadataConverter, policy = dynamic, cardinality = 0..n, target = null, bind = setMetadataConverterService, unbind = unsetMetadataConverterService]

!ENTRY org.eclipse.equinox.ds 4 0 2018-08-07 09:09:20.024
!MESSAGE Could not bind a reference of component idp.mgt.dscomponent. The reference is: Reference[name = identity.provider.saml.service.component, interface = org.wso2.carbon.idp.mgt.util.MetadataConverter, policy = dynamic, cardinality = 0..n, target = null, bind = setMetadataConverterService, unbind = unsetMetadataConverterService]

!ENTRY org.eclipse.equinox.ds 4 0 2018-08-07 09:09:20.265
!MESSAGE Could not bind a reference of component esb.core.initializer. The reference is: Reference[name = esbntask.taskservice, interface = org.wso2.carbon.mediation.ntask.internal.NtaskService, policy = dynamic, cardinality = 0..1, target = null, bind = setTaskService, unbind = unsetTaskService]

!ENTRY org.eclipse.equinox.ds 4 0 2018-08-07 09:09:20.266
!MESSAGE Could not bind a reference of component esb.core.initializer. The reference is: Reference[name = esbntask.taskservice, interface = org.wso2.carbon.mediation.ntask.internal.NtaskService, policy = dynamic, cardinality = 0..1, target = null, bind = setTaskService, unbind = unsetTaskService]

!ENTRY org.eclipse.equinox.ds 4 0 2018-08-07 09:09:49.119
!MESSAGE Could not bind a reference of component org.wso2.carbon.andes.internal.QpidServiceComponent. The reference is: Reference[name = hazelcast.instance.service, interface = com.hazelcast.core.HazelcastInstance, policy = dynamic, cardinality = 0..1, target = null, bind = setHazelcastInstance, unbind = unsetHazelcastInstance]

!ENTRY org.eclipse.equinox.ds 4 0 2018-08-07 09:09:49.120
!MESSAGE Could not bind a reference of component org.wso2.carbon.andes.internal.QpidServiceComponent. The reference is: Reference[name = hazelcast.instance.service, interface = com.hazelcast.core.HazelcastInstance, policy = dynamic, cardinality = 0..1, target = null, bind = setHazelcastInstance, unbind = unsetHazelcastInstance]

!ENTRY org.eclipse.equinox.ds 4 0 2018-08-07 09:09:49.924
!MESSAGE Could not bind a reference of component org.wso2.carbon.tenant.mgt. The reference is: Reference[name = default.tenant.billing.service, interface = org.wso2.carbon.stratos.common.TenantBillingService, policy = dynamic, cardinality = 0..1, target = null, bind = setTenantBillingService, unbind = unsetTenantBillingService]

!ENTRY org.eclipse.equinox.ds 4 0 2018-08-07 09:09:49.925
!MESSAGE Could not bind a reference of component org.wso2.carbon.tenant.mgt. The reference is: Reference[name = default.tenant.billing.service, interface = org.wso2.carbon.stratos.common.TenantBillingService, policy = dynamic, cardinality = 0..1, target = null, bind = setTenantBillingService, unbind = unsetTenantBillingService]

!ENTRY org.eclipse.equinox.ds 4 0 2018-08-07 09:09:52.277
!MESSAGE Could not bind a reference of component org.wso2.carbon.registry.eventing. The reference is: Reference[name = registry.events.jmx.service, interface = org.wso2.carbon.registry.extensions.jmx.Events, policy = dynamic, cardinality = 0..1, target = null, bind = setEvents, unbind = unsetEvents]

!ENTRY org.eclipse.equinox.ds 4 0 2018-08-07 09:09:52.278
!MESSAGE Could not bind a reference of component org.wso2.carbon.registry.eventing. The reference is: Reference[name = registry.events.jmx.service, interface = org.wso2.carbon.registry.extensions.jmx.Events, policy = dynamic, cardinality = 0..1, target = null, bind = setEvents, unbind = unsetEvents]

!ENTRY org.eclipse.equinox.ds 4 0 2018-08-07 09:09:52.344
!MESSAGE Could not bind a reference of component org.wso2.carbon.registry.info. The reference is: Reference[name = registry.subscription.email.verification.service, interface = org.wso2.carbon.registry.eventing.services.SubscriptionEmailVerficationService, policy = dynamic, cardinality = 0..1, target = null, bind = setSubscriptionEmailVerficationService, unbind = unsetSubscriptionEmailVerficationService]

!ENTRY org.eclipse.equinox.ds 4 0 2018-08-07 09:09:52.346
!MESSAGE Could not bind a reference of component org.wso2.carbon.registry.info. The reference is: Reference[name = registry.subscription.email.verification.service, interface = org.wso2.carbon.registry.eventing.services.SubscriptionEmailVerficationService, policy = dynamic, cardinality = 0..1, target = null, bind = setSubscriptionEmailVerficationService, unbind = unsetSubscriptionEmailVerficationService]

!ENTRY org.eclipse.equinox.ds 4 0 2018-08-07 09:09:52.347
!MESSAGE Could not bind a reference of component org.wso2.carbon.registry.info. The reference is: Reference[name = registry.subscriptions.jmx.service, interface = org.wso2.carbon.registry.extensions.jmx.Subscriptions, policy = dynamic, cardinality = 0..1, target = null, bind = setSubscriptions, unbind = unsetSubscriptions]

!ENTRY org.eclipse.equinox.ds 4 0 2018-08-07 09:09:52.349
!MESSAGE Could not bind a reference of component org.wso2.carbon.registry.info. The reference is: Reference[name = registry.subscriptions.jmx.service, interface = org.wso2.carbon.registry.extensions.jmx.Subscriptions, policy = dynamic, cardinality = 0..1, target = null, bind = setSubscriptions, unbind = unsetSubscriptions]

!ENTRY org.eclipse.equinox.ds 4 0 2018-08-07 09:09:52.422
!MESSAGE Could not bind a reference of component core.ui.dscomponent. The reference is: Reference[name = ui.authentication.extender, interface = org.wso2.carbon.ui.UIAuthenticationExtender, policy = dynamic, cardinality = 0..1, target = null, bind = setUIAuthenticationExtender, unbind = unsetUIAuthenticationExtender]

!ENTRY org.eclipse.equinox.ds 4 0 2018-08-07 09:09:52.423
!MESSAGE Could not bind a reference of component core.ui.dscomponent. The reference is: Reference[name = ui.authentication.extender, interface = org.wso2.carbon.ui.UIAuthenticationExtender, policy = dynamic, cardinality = 0..1, target = null, bind = setUIAuthenticationExtender, unbind = unsetUIAuthenticationExtender]

!ENTRY org.eclipse.equinox.ds 4 0 2018-08-07 09:09:52.711
!MESSAGE Could not bind a reference of component org.wso2.carbon.registry.resource. The reference is: Reference[name = registry.download.service, interface = org.wso2.carbon.registry.resource.download.DownloadManagerService, policy = dynamic, cardinality = 0..1, target = null, bind = setDownloadManagerService, unbind = unsetDownloadManagerService]

!ENTRY org.eclipse.equinox.ds 4 0 2018-08-07 09:09:52.712
!MESSAGE Could not bind a reference of component org.wso2.carbon.registry.resource. The reference is: Reference[name = registry.download.service, interface = org.wso2.carbon.registry.resource.download.DownloadManagerService, policy = dynamic, cardinality = 0..1, target = null, bind = setDownloadManagerService, unbind = unsetDownloadManagerService]

!ENTRY org.eclipse.equinox.ds 4 0 2018-08-07 09:09:52.717
!MESSAGE Could not bind a reference of component org.wso2.carbon.registry.servlet. The reference is: Reference[name = registry.uddi, interface = org.wso2.carbon.registry.core.servlet.UDDIServlet, policy = dynamic, cardinality = 0..1, target = null, bind = setJUDDIRegistryServlet, unbind = unsetJUDDIRegistryServlet]

!ENTRY org.eclipse.equinox.ds 4 0 2018-08-07 09:09:52.718
!MESSAGE Could not bind a reference of component org.wso2.carbon.registry.servlet. The reference is: Reference[name = registry.uddi, interface = org.wso2.carbon.registry.core.servlet.UDDIServlet, policy = dynamic, cardinality = 0..1, target = null, bind = setJUDDIRegistryServlet, unbind = unsetJUDDIRegistryServlet]
