2018-07-12 17:03:39,793 [-] [localhost-startStop-1]  INFO WorkflowCallbackService Building Axis service for Proxy service : WorkflowCallbackService
2018-07-12 17:03:39,847 [-] [localhost-startStop-1]  INFO WorkflowCallbackService Adding service WorkflowCallbackService to the Axis2 configuration
2018-07-12 17:03:39,915 [-] [localhost-startStop-1]  INFO WorkflowCallbackService Successfully created the Axis2 service for Proxy service : WorkflowCallbackService
2018-07-12 20:30:06,324 [-] [Framework Event Dispatcher]  INFO WorkflowCallbackService Building Axis service for Proxy service : WorkflowCallbackService
2018-07-12 20:30:06,400 [-] [Framework Event Dispatcher]  INFO WorkflowCallbackService Adding service WorkflowCallbackService to the Axis2 configuration
2018-07-12 20:30:06,458 [-] [Framework Event Dispatcher]  INFO WorkflowCallbackService Successfully created the Axis2 service for Proxy service : WorkflowCallbackService
2018-07-12 20:44:31,488 [-] [localhost-startStop-1]  INFO WorkflowCallbackService Building Axis service for Proxy service : WorkflowCallbackService
2018-07-12 20:44:31,540 [-] [localhost-startStop-1]  INFO WorkflowCallbackService Adding service WorkflowCallbackService to the Axis2 configuration
2018-07-12 20:44:31,560 [-] [localhost-startStop-1]  INFO WorkflowCallbackService Successfully created the Axis2 service for Proxy service : WorkflowCallbackService
2018-07-13 10:13:32,189 [-] [localhost-startStop-1]  INFO WorkflowCallbackService Building Axis service for Proxy service : WorkflowCallbackService
2018-07-13 10:13:32,202 [-] [localhost-startStop-1]  INFO WorkflowCallbackService Adding service WorkflowCallbackService to the Axis2 configuration
2018-07-13 10:13:32,208 [-] [localhost-startStop-1]  INFO WorkflowCallbackService Successfully created the Axis2 service for Proxy service : WorkflowCallbackService
2018-07-13 10:19:39,854 [-] [localhost-startStop-1]  INFO WorkflowCallbackService Building Axis service for Proxy service : WorkflowCallbackService
2018-07-13 10:19:39,869 [-] [localhost-startStop-1]  INFO WorkflowCallbackService Adding service WorkflowCallbackService to the Axis2 configuration
2018-07-13 10:19:39,871 [-] [localhost-startStop-1]  INFO WorkflowCallbackService Successfully created the Axis2 service for Proxy service : WorkflowCallbackService
2018-07-13 09:12:10,914 [-] [localhost-startStop-1]  INFO WorkflowCallbackService Building Axis service for Proxy service : WorkflowCallbackService
2018-07-13 09:12:10,922 [-] [localhost-startStop-1]  INFO WorkflowCallbackService Adding service WorkflowCallbackService to the Axis2 configuration
2018-07-13 09:12:10,925 [-] [localhost-startStop-1]  INFO WorkflowCallbackService Successfully created the Axis2 service for Proxy service : WorkflowCallbackService
2018-07-13 09:16:22,443 [-] [localhost-startStop-1]  INFO WorkflowCallbackService Building Axis service for Proxy service : WorkflowCallbackService
2018-07-13 09:16:22,453 [-] [localhost-startStop-1]  INFO WorkflowCallbackService Adding service WorkflowCallbackService to the Axis2 configuration
2018-07-13 09:16:22,454 [-] [localhost-startStop-1]  INFO WorkflowCallbackService Successfully created the Axis2 service for Proxy service : WorkflowCallbackService
2018-08-07 09:07:07,282 [-] [localhost-startStop-1]  INFO WorkflowCallbackService Building Axis service for Proxy service : WorkflowCallbackService
2018-08-07 09:07:07,290 [-] [localhost-startStop-1]  INFO WorkflowCallbackService Adding service WorkflowCallbackService to the Axis2 configuration
2018-08-07 09:07:07,291 [-] [localhost-startStop-1]  INFO WorkflowCallbackService Successfully created the Axis2 service for Proxy service : WorkflowCallbackService
2018-08-07 09:09:48,560 [-] [localhost-startStop-1]  INFO WorkflowCallbackService Building Axis service for Proxy service : WorkflowCallbackService
2018-08-07 09:09:48,569 [-] [localhost-startStop-1]  INFO WorkflowCallbackService Adding service WorkflowCallbackService to the Axis2 configuration
2018-08-07 09:09:48,571 [-] [localhost-startStop-1]  INFO WorkflowCallbackService Successfully created the Axis2 service for Proxy service : WorkflowCallbackService
